<?xml version="1.0" encoding="UTF-8"?>
<!-- Generated by org.testng.reporters.JUnitReportReporter -->
<testsuite skipped="0" hostname="LAPTOP-GBJ7R4Q2" name="qaclickacademy.Mavenjava.AppiumTest" tests="2" failures="0" timestamp="17 Jun 2021 10:13:00 GMT" time="0.005" errors="0">
  <testcase name="IOSApps" time="0.005" classname="qaclickacademy.Mavenjava.AppiumTest"/>
  <testcase name="NativeAppAndroid" time="0.000" classname="qaclickacademy.Mavenjava.AppiumTest"/>
</testsuite> <!-- qaclickacademy.Mavenjava.AppiumTest -->
